2025-09-13 15:31:30,336 Worker rq:worker:a35664b7b889402e9914931a747ca71b started with PID 12819, version 1.15.1
2025-09-13 15:31:30,337 Subscribing to channel rq:pubsub:a35664b7b889402e9914931a747ca71b
2025-09-13 15:31:30,363 *** Listening on home-TRI-Desktop-my-bench:short, home-TRI-Desktop-my-bench:default, home-TRI-Desktop-my-bench:long...
2025-09-13 15:31:30,370 Cleaning registries for queue: home-TRI-Desktop-my-bench:short
2025-09-13 15:31:30,378 Cleaning registries for queue: home-TRI-Desktop-my-bench:default
2025-09-13 15:31:30,379 Cleaning registries for queue: home-TRI-Desktop-my-bench:long
2025-09-13 15:34:24,043 Worker a35664b7b889402e9914931a747ca71b [PID 12819]: warm shut down requested
2025-09-13 15:34:29,950 Worker rq:worker:8570f16cb7df4c7eb0a6fdbcd996db90 started with PID 15637, version 1.15.1
2025-09-13 15:34:29,951 Subscribing to channel rq:pubsub:8570f16cb7df4c7eb0a6fdbcd996db90
2025-09-13 15:34:29,953 *** Listening on home-TRI-Desktop-my-bench:short, home-TRI-Desktop-my-bench:default, home-TRI-Desktop-my-bench:long...
2025-09-13 15:40:30,922 home-TRI-Desktop-my-bench:default: frappe.utils.background_jobs.execute_job(event=None, is_async=True, job_name='frappe.core.doctype.scheduled_job_type.scheduled_job_type.run_scheduled_jo..., kwargs={'job_type': 'frappe.monitor.flush'}, method='frappe.core.doctype.scheduled_job_type.scheduled_job_type.run_scheduled_jo..., site='mysite.local', user='Administrator') (mysite.local::scheduled_job::frappe.monitor.flush)
2025-09-13 15:40:31,417 home-TRI-Desktop-my-bench:default: Job OK (mysite.local::scheduled_job::frappe.monitor.flush)
2025-09-13 15:40:31,418 Result is kept for 600 seconds
2025-09-13 15:40:31,424 home-TRI-Desktop-my-bench:default: frappe.utils.background_jobs.execute_job(event=None, is_async=True, job_name='frappe.core.doctype.scheduled_job_type.scheduled_job_type.run_scheduled_jo..., kwargs={'job_type': 'frappe.deferred_insert.save_to_db'}, method='frappe.core.doctype.scheduled_job_type.scheduled_job_type.run_scheduled_jo..., site='mysite.local', user='Administrator') (mysite.local::scheduled_job::frappe.deferred_insert.save_to_db)
2025-09-13 15:40:31,865 home-TRI-Desktop-my-bench:default: Job OK (mysite.local::scheduled_job::frappe.deferred_insert.save_to_db)
2025-09-13 15:40:31,865 Result is kept for 600 seconds
2025-09-13 15:40:31,870 home-TRI-Desktop-my-bench:default: frappe.utils.background_jobs.execute_job(event=None, is_async=True, job_name='frappe.core.doctype.scheduled_job_type.scheduled_job_type.run_scheduled_jo..., kwargs={'job_type': 'frappe.integrations.doctype.google_calendar.google_calendar.s..., method='frappe.core.doctype.scheduled_job_type.scheduled_job_type.run_scheduled_jo..., site='mysite.local', user='Administrator') (mysite.local::scheduled_job::frappe.integrations.doctype.google_calendar.google_calendar.sync)
2025-09-13 15:40:32,373 home-TRI-Desktop-my-bench:default: Job OK (mysite.local::scheduled_job::frappe.integrations.doctype.google_calendar.google_calendar.sync)
2025-09-13 15:40:32,373 Result is kept for 600 seconds
2025-09-13 15:40:32,380 home-TRI-Desktop-my-bench:default: frappe.utils.background_jobs.execute_job(event=None, is_async=True, job_name='frappe.core.doctype.scheduled_job_type.scheduled_job_type.run_scheduled_jo..., kwargs={'job_type': 'frappe.email.doctype.email_account.email_account.notify_unrep..., method='frappe.core.doctype.scheduled_job_type.scheduled_job_type.run_scheduled_jo..., site='mysite.local', user='Administrator') (mysite.local::scheduled_job::frappe.email.doctype.email_account.email_account.notify_unreplied)
2025-09-13 15:40:32,867 home-TRI-Desktop-my-bench:default: Job OK (mysite.local::scheduled_job::frappe.email.doctype.email_account.email_account.notify_unreplied)
2025-09-13 15:40:32,867 Result is kept for 600 seconds
2025-09-13 15:40:32,880 home-TRI-Desktop-my-bench:default: frappe.utils.background_jobs.execute_job(event=None, is_async=True, job_name='frappe.core.doctype.scheduled_job_type.scheduled_job_type.run_scheduled_jo..., kwargs={'job_type': 'frappe.model.utils.link_count.update_link_count'}, method='frappe.core.doctype.scheduled_job_type.scheduled_job_type.run_scheduled_jo..., site='mysite.local', user='Administrator') (mysite.local::scheduled_job::frappe.model.utils.link_count.update_link_count)
2025-09-13 15:40:33,366 home-TRI-Desktop-my-bench:default: Job OK (mysite.local::scheduled_job::frappe.model.utils.link_count.update_link_count)
2025-09-13 15:40:33,366 Result is kept for 600 seconds
2025-09-13 15:40:33,373 home-TRI-Desktop-my-bench:default: frappe.utils.background_jobs.execute_job(event=None, is_async=True, job_name='frappe.core.doctype.scheduled_job_type.scheduled_job_type.run_scheduled_jo..., kwargs={'job_type': 'frappe.automation.doctype.reminder.reminder.send_reminders'}, method='frappe.core.doctype.scheduled_job_type.scheduled_job_type.run_scheduled_jo..., site='mysite.local', user='Administrator') (mysite.local::scheduled_job::frappe.automation.doctype.reminder.reminder.send_reminders)
2025-09-13 15:40:34,037 home-TRI-Desktop-my-bench:default: Job OK (mysite.local::scheduled_job::frappe.automation.doctype.reminder.reminder.send_reminders)
2025-09-13 15:40:34,038 Result is kept for 600 seconds
2025-09-13 15:40:34,053 home-TRI-Desktop-my-bench:default: frappe.utils.background_jobs.execute_job(event=None, is_async=True, job_name='frappe.core.doctype.scheduled_job_type.scheduled_job_type.run_scheduled_jo..., kwargs={'job_type': 'frappe.email.doctype.newsletter.newsletter.send_scheduled_ema..., method='frappe.core.doctype.scheduled_job_type.scheduled_job_type.run_scheduled_jo..., site='mysite.local', user='Administrator') (mysite.local::scheduled_job::frappe.email.doctype.newsletter.newsletter.send_scheduled_email)
2025-09-13 15:40:35,317 home-TRI-Desktop-my-bench:default: Job OK (mysite.local::scheduled_job::frappe.email.doctype.newsletter.newsletter.send_scheduled_email)
2025-09-13 15:40:35,317 Result is kept for 600 seconds
2025-09-13 15:40:35,350 home-TRI-Desktop-my-bench:default: frappe.utils.background_jobs.execute_job(event=None, is_async=True, job_name='frappe.core.doctype.scheduled_job_type.scheduled_job_type.run_scheduled_jo..., kwargs={'job_type': 'frappe.email.queue.retry_sending_emails'}, method='frappe.core.doctype.scheduled_job_type.scheduled_job_type.run_scheduled_jo..., site='mysite.local', user='Administrator') (mysite.local::scheduled_job::frappe.email.queue.retry_sending_emails)
2025-09-13 15:40:36,038 home-TRI-Desktop-my-bench:default: Job OK (mysite.local::scheduled_job::frappe.email.queue.retry_sending_emails)
2025-09-13 15:40:36,038 Result is kept for 600 seconds
2025-09-13 15:40:36,048 home-TRI-Desktop-my-bench:default: frappe.utils.background_jobs.execute_job(event=None, is_async=True, job_name='frappe.core.doctype.scheduled_job_type.scheduled_job_type.run_scheduled_jo..., kwargs={'job_type': 'frappe.email.doctype.email_account.email_account.pull'}, method='frappe.core.doctype.scheduled_job_type.scheduled_job_type.run_scheduled_jo..., site='mysite.local', user='Administrator') (mysite.local::scheduled_job::frappe.email.doctype.email_account.email_account.pull)
2025-09-13 15:40:36,813 home-TRI-Desktop-my-bench:default: Job OK (mysite.local::scheduled_job::frappe.email.doctype.email_account.email_account.pull)
2025-09-13 15:40:36,813 Result is kept for 600 seconds
2025-09-13 15:40:36,820 home-TRI-Desktop-my-bench:default: frappe.utils.background_jobs.execute_job(event=None, is_async=True, job_name='frappe.core.doctype.scheduled_job_type.scheduled_job_type.run_scheduled_jo..., kwargs={'job_type': 'frappe.utils.global_search.sync_global_search'}, method='frappe.core.doctype.scheduled_job_type.scheduled_job_type.run_scheduled_jo..., site='mysite.local', user='Administrator') (mysite.local::scheduled_job::frappe.utils.global_search.sync_global_search)
2025-09-13 15:40:37,339 home-TRI-Desktop-my-bench:default: Job OK (mysite.local::scheduled_job::frappe.utils.global_search.sync_global_search)
2025-09-13 15:40:37,339 Result is kept for 600 seconds
2025-09-13 15:40:37,366 home-TRI-Desktop-my-bench:default: frappe.utils.background_jobs.execute_job(event=None, is_async=True, job_name='frappe.core.doctype.scheduled_job_type.scheduled_job_type.run_scheduled_jo..., kwargs={'job_type': 'frappe.email.queue.flush'}, method='frappe.core.doctype.scheduled_job_type.scheduled_job_type.run_scheduled_jo..., site='mysite.local', user='Administrator') (mysite.local::scheduled_job::frappe.email.queue.flush)
2025-09-13 15:40:38,341 home-TRI-Desktop-my-bench:default: Job OK (mysite.local::scheduled_job::frappe.email.queue.flush)
2025-09-13 15:40:38,341 Result is kept for 600 seconds
2025-09-13 15:40:38,348 home-TRI-Desktop-my-bench:long: frappe.utils.background_jobs.execute_job(event=None, is_async=True, job_name='frappe.core.doctype.scheduled_job_type.scheduled_job_type.run_scheduled_jo..., kwargs={'job_type': 'frappe.desk.page.backups.backups.delete_downloadable_backups'..., method='frappe.core.doctype.scheduled_job_type.scheduled_job_type.run_scheduled_jo..., site='mysite.local', user='Administrator') (mysite.local::scheduled_job::frappe.desk.page.backups.backups.delete_downloadable_backups)
2025-09-13 15:40:38,756 home-TRI-Desktop-my-bench:long: Job OK (mysite.local::scheduled_job::frappe.desk.page.backups.backups.delete_downloadable_backups)
2025-09-13 15:40:38,757 Result is kept for 600 seconds
2025-09-13 15:40:38,768 home-TRI-Desktop-my-bench:long: frappe.utils.background_jobs.execute_job(event=None, is_async=True, job_name='frappe.core.doctype.scheduled_job_type.scheduled_job_type.run_scheduled_jo..., kwargs={'job_type': 'frappe.core.doctype.prepared_report.prepared_report.expire_st..., method='frappe.core.doctype.scheduled_job_type.scheduled_job_type.run_scheduled_jo..., site='mysite.local', user='Administrator') (mysite.local::scheduled_job::frappe.core.doctype.prepared_report.prepared_report.expire_stalled_report)
2025-09-13 15:40:39,182 home-TRI-Desktop-my-bench:long: Job OK (mysite.local::scheduled_job::frappe.core.doctype.prepared_report.prepared_report.expire_stalled_report)
2025-09-13 15:40:39,182 Result is kept for 600 seconds
2025-09-13 15:40:39,192 home-TRI-Desktop-my-bench:long: frappe.utils.background_jobs.execute_job(event=None, is_async=True, job_name='frappe.core.doctype.scheduled_job_type.scheduled_job_type.run_scheduled_jo..., kwargs={'job_type': 'frappe.website.doctype.personal_data_deletion_request.persona..., method='frappe.core.doctype.scheduled_job_type.scheduled_job_type.run_scheduled_jo..., site='mysite.local', user='Administrator') (mysite.local::scheduled_job::frappe.website.doctype.personal_data_deletion_request.personal_data_deletion_request.process_data_deletion_request)
2025-09-13 15:40:40,278 home-TRI-Desktop-my-bench:long: Job OK (mysite.local::scheduled_job::frappe.website.doctype.personal_data_deletion_request.personal_data_deletion_request.process_data_deletion_request)
2025-09-13 15:40:40,278 Result is kept for 600 seconds
2025-09-13 15:40:40,285 home-TRI-Desktop-my-bench:long: frappe.utils.background_jobs.execute_job(event=None, is_async=True, job_name='frappe.core.doctype.scheduled_job_type.scheduled_job_type.run_scheduled_jo..., kwargs={'job_type': 'frappe.oauth.delete_oauth2_data'}, method='frappe.core.doctype.scheduled_job_type.scheduled_job_type.run_scheduled_jo..., site='mysite.local', user='Administrator') (mysite.local::scheduled_job::frappe.oauth.delete_oauth2_data)
2025-09-13 15:40:40,840 home-TRI-Desktop-my-bench:long: Job OK (mysite.local::scheduled_job::frappe.oauth.delete_oauth2_data)
2025-09-13 15:40:40,840 Result is kept for 600 seconds
2025-09-13 15:40:40,864 home-TRI-Desktop-my-bench:long: frappe.utils.background_jobs.execute_job(event=None, is_async=True, job_name='frappe.core.doctype.scheduled_job_type.scheduled_job_type.run_scheduled_jo..., kwargs={'job_type': 'frappe.twofactor.delete_all_barcodes_for_users'}, method='frappe.core.doctype.scheduled_job_type.scheduled_job_type.run_scheduled_jo..., site='mysite.local', user='Administrator') (mysite.local::scheduled_job::frappe.twofactor.delete_all_barcodes_for_users)
2025-09-13 15:40:41,530 home-TRI-Desktop-my-bench:long: Job OK (mysite.local::scheduled_job::frappe.twofactor.delete_all_barcodes_for_users)
2025-09-13 15:40:41,530 Result is kept for 600 seconds
2025-09-13 15:40:41,548 home-TRI-Desktop-my-bench:long: frappe.utils.background_jobs.execute_job(event=None, is_async=True, job_name='frappe.core.doctype.scheduled_job_type.scheduled_job_type.run_scheduled_jo..., kwargs={'job_type': 'frappe.model.utils.user_settings.sync_user_settings'}, method='frappe.core.doctype.scheduled_job_type.scheduled_job_type.run_scheduled_jo..., site='mysite.local', user='Administrator') (mysite.local::scheduled_job::frappe.model.utils.user_settings.sync_user_settings)
2025-09-13 15:40:42,010 home-TRI-Desktop-my-bench:long: Job OK (mysite.local::scheduled_job::frappe.model.utils.user_settings.sync_user_settings)
2025-09-13 15:40:42,011 Result is kept for 600 seconds
2025-09-13 15:40:42,019 home-TRI-Desktop-my-bench:long: frappe.utils.background_jobs.execute_job(event=None, is_async=True, job_name='frappe.core.doctype.scheduled_job_type.scheduled_job_type.run_scheduled_jo..., kwargs={'job_type': 'frappe.desk.form.document_follow.send_hourly_updates'}, method='frappe.core.doctype.scheduled_job_type.scheduled_job_type.run_scheduled_jo..., site='mysite.local', user='Administrator') (mysite.local::scheduled_job::frappe.desk.form.document_follow.send_hourly_updates)
2025-09-13 15:40:42,488 home-TRI-Desktop-my-bench:long: Job OK (mysite.local::scheduled_job::frappe.desk.form.document_follow.send_hourly_updates)
2025-09-13 15:40:42,489 Result is kept for 600 seconds
2025-09-13 15:40:42,508 home-TRI-Desktop-my-bench:long: frappe.utils.background_jobs.execute_job(event=None, is_async=True, job_name='frappe.core.doctype.scheduled_job_type.scheduled_job_type.run_scheduled_jo..., kwargs={'job_type': 'frappe.website.doctype.web_page.web_page.check_publish_status..., method='frappe.core.doctype.scheduled_job_type.scheduled_job_type.run_scheduled_jo..., site='mysite.local', user='Administrator') (mysite.local::scheduled_job::frappe.website.doctype.web_page.web_page.check_publish_status)
2025-09-13 15:40:43,165 home-TRI-Desktop-my-bench:long: Job OK (mysite.local::scheduled_job::frappe.website.doctype.web_page.web_page.check_publish_status)
2025-09-13 15:40:43,166 Result is kept for 600 seconds
2025-09-13 15:40:43,172 home-TRI-Desktop-my-bench:long: frappe.utils.background_jobs.execute_job(event=None, is_async=True, job_name='frappe.core.doctype.scheduled_job_type.scheduled_job_type.run_scheduled_jo..., kwargs={'job_type': 'frappe.desk.utils.delete_old_exported_report_files'}, method='frappe.core.doctype.scheduled_job_type.scheduled_job_type.run_scheduled_jo..., site='mysite.local', user='Administrator') (mysite.local::scheduled_job::frappe.desk.utils.delete_old_exported_report_files)
2025-09-13 15:40:43,565 home-TRI-Desktop-my-bench:long: Job OK (mysite.local::scheduled_job::frappe.desk.utils.delete_old_exported_report_files)
2025-09-13 15:40:43,565 Result is kept for 600 seconds
2025-09-13 15:42:31,573 home-TRI-Desktop-my-bench:default: frappe.utils.background_jobs.execute_job(event=None, is_async=True, job_name='frappe.core.doctype.scheduled_job_type.scheduled_job_type.run_scheduled_jo..., kwargs={'job_type': 'frappe.email.queue.retry_sending_emails'}, method='frappe.core.doctype.scheduled_job_type.scheduled_job_type.run_scheduled_jo..., site='mysite.local', user='Administrator') (mysite.local::scheduled_job::frappe.email.queue.retry_sending_emails)
2025-09-13 15:42:32,042 home-TRI-Desktop-my-bench:default: Job OK (mysite.local::scheduled_job::frappe.email.queue.retry_sending_emails)
2025-09-13 15:42:32,042 Result is kept for 600 seconds
2025-09-13 15:42:32,051 home-TRI-Desktop-my-bench:default: frappe.utils.background_jobs.execute_job(event=None, is_async=True, job_name='frappe.core.doctype.scheduled_job_type.scheduled_job_type.run_scheduled_jo..., kwargs={'job_type': 'frappe.integrations.doctype.google_calendar.google_calendar.s..., method='frappe.core.doctype.scheduled_job_type.scheduled_job_type.run_scheduled_jo..., site='mysite.local', user='Administrator') (mysite.local::scheduled_job::frappe.integrations.doctype.google_calendar.google_calendar.sync)
2025-09-13 15:42:32,572 home-TRI-Desktop-my-bench:default: Job OK (mysite.local::scheduled_job::frappe.integrations.doctype.google_calendar.google_calendar.sync)
2025-09-13 15:42:32,572 Result is kept for 600 seconds
2025-09-13 15:42:32,588 home-TRI-Desktop-my-bench:default: frappe.utils.background_jobs.execute_job(event=None, is_async=True, job_name='frappe.core.doctype.scheduled_job_type.scheduled_job_type.run_scheduled_jo..., kwargs={'job_type': 'frappe.monitor.flush'}, method='frappe.core.doctype.scheduled_job_type.scheduled_job_type.run_scheduled_jo..., site='mysite.local', user='Administrator') (mysite.local::scheduled_job::frappe.monitor.flush)
2025-09-13 15:42:32,986 home-TRI-Desktop-my-bench:default: Job OK (mysite.local::scheduled_job::frappe.monitor.flush)
2025-09-13 15:42:32,987 Result is kept for 600 seconds
2025-09-13 15:42:32,993 home-TRI-Desktop-my-bench:default: frappe.utils.background_jobs.execute_job(event=None, is_async=True, job_name='frappe.core.doctype.scheduled_job_type.scheduled_job_type.run_scheduled_jo..., kwargs={'job_type': 'frappe.email.queue.flush'}, method='frappe.core.doctype.scheduled_job_type.scheduled_job_type.run_scheduled_jo..., site='mysite.local', user='Administrator') (mysite.local::scheduled_job::frappe.email.queue.flush)
2025-09-13 15:42:33,417 home-TRI-Desktop-my-bench:default: Job OK (mysite.local::scheduled_job::frappe.email.queue.flush)
2025-09-13 15:42:33,417 Result is kept for 600 seconds
2025-09-13 15:43:57,489 home-TRI-Desktop-my-bench:default: frappe.utils.background_jobs.execute_job(event=None, is_async=True, job_name='frappe.search.website_search.update_index_for_path', kwargs={'path': 'Hello'}, method=<function update_index_for_path at 0x7973b632ac00>, site='mysite.local', user='Administrator') (mysite.local::476c235e-6ce6-42fb-97f8-00bfc906b769)
2025-09-13 15:44:01,013 home-TRI-Desktop-my-bench:default: Job OK (mysite.local::476c235e-6ce6-42fb-97f8-00bfc906b769)
2025-09-13 15:44:01,013 Result is kept for 600 seconds
2025-09-13 15:44:24,036 home-TRI-Desktop-my-bench:default: frappe.utils.background_jobs.execute_job(event=None, is_async=True, job_name='frappe.search.website_search.update_index_for_path', kwargs={'path': 'Hello'}, method=<function update_index_for_path at 0x7973b632ac00>, site='mysite.local', user='Administrator') (mysite.local::06f31e57-0c69-4ed2-822c-8e4a2e06a741)
2025-09-13 15:44:25,510 home-TRI-Desktop-my-bench:default: Job OK (mysite.local::06f31e57-0c69-4ed2-822c-8e4a2e06a741)
2025-09-13 15:44:25,511 Result is kept for 600 seconds
2025-09-13 15:45:33,507 home-TRI-Desktop-my-bench:default: frappe.utils.background_jobs.execute_job(event=None, is_async=True, job_name='frappe.core.doctype.scheduled_job_type.scheduled_job_type.run_scheduled_jo..., kwargs={'job_type': 'frappe.model.utils.link_count.update_link_count'}, method='frappe.core.doctype.scheduled_job_type.scheduled_job_type.run_scheduled_jo..., site='mysite.local', user='Administrator') (mysite.local::scheduled_job::frappe.model.utils.link_count.update_link_count)
2025-09-13 15:45:37,379 home-TRI-Desktop-my-bench:default: Job OK (mysite.local::scheduled_job::frappe.model.utils.link_count.update_link_count)
2025-09-13 15:45:37,380 Result is kept for 600 seconds
2025-09-13 15:45:37,581 home-TRI-Desktop-my-bench:default: frappe.utils.background_jobs.execute_job(event=None, is_async=True, job_name='frappe.core.doctype.scheduled_job_type.scheduled_job_type.run_scheduled_jo..., kwargs={'job_type': 'frappe.deferred_insert.save_to_db'}, method='frappe.core.doctype.scheduled_job_type.scheduled_job_type.run_scheduled_jo..., site='mysite.local', user='Administrator') (mysite.local::scheduled_job::frappe.deferred_insert.save_to_db)
2025-09-13 15:45:38,750 home-TRI-Desktop-my-bench:default: Job OK (mysite.local::scheduled_job::frappe.deferred_insert.save_to_db)
2025-09-13 15:45:38,751 Result is kept for 600 seconds
2025-09-13 15:45:38,772 home-TRI-Desktop-my-bench:default: frappe.utils.background_jobs.execute_job(event=None, is_async=True, job_name='frappe.core.doctype.scheduled_job_type.scheduled_job_type.run_scheduled_jo..., kwargs={'job_type': 'frappe.email.doctype.email_account.email_account.notify_unrep..., method='frappe.core.doctype.scheduled_job_type.scheduled_job_type.run_scheduled_jo..., site='mysite.local', user='Administrator') (mysite.local::scheduled_job::frappe.email.doctype.email_account.email_account.notify_unreplied)
2025-09-13 15:45:40,371 home-TRI-Desktop-my-bench:default: Job OK (mysite.local::scheduled_job::frappe.email.doctype.email_account.email_account.notify_unreplied)
2025-09-13 15:45:40,372 Result is kept for 600 seconds
2025-09-13 15:45:40,414 home-TRI-Desktop-my-bench:default: frappe.utils.background_jobs.execute_job(event=None, is_async=True, job_name='frappe.core.doctype.scheduled_job_type.scheduled_job_type.run_scheduled_jo..., kwargs={'job_type': 'frappe.automation.doctype.reminder.reminder.send_reminders'}, method='frappe.core.doctype.scheduled_job_type.scheduled_job_type.run_scheduled_jo..., site='mysite.local', user='Administrator') (mysite.local::scheduled_job::frappe.automation.doctype.reminder.reminder.send_reminders)
2025-09-13 15:45:42,202 home-TRI-Desktop-my-bench:default: Job OK (mysite.local::scheduled_job::frappe.automation.doctype.reminder.reminder.send_reminders)
2025-09-13 15:45:42,202 Result is kept for 600 seconds
2025-09-13 15:45:42,227 home-TRI-Desktop-my-bench:default: frappe.utils.background_jobs.execute_job(event=None, is_async=True, job_name='frappe.core.doctype.scheduled_job_type.scheduled_job_type.run_scheduled_jo..., kwargs={'job_type': 'frappe.utils.global_search.sync_global_search'}, method='frappe.core.doctype.scheduled_job_type.scheduled_job_type.run_scheduled_jo..., site='mysite.local', user='Administrator') (mysite.local::scheduled_job::frappe.utils.global_search.sync_global_search)
2025-09-13 15:45:43,447 home-TRI-Desktop-my-bench:default: Job OK (mysite.local::scheduled_job::frappe.utils.global_search.sync_global_search)
2025-09-13 15:45:43,447 Result is kept for 600 seconds
2025-09-13 15:46:35,207 home-TRI-Desktop-my-bench:default: frappe.utils.background_jobs.execute_job(event=None, is_async=True, job_name='frappe.core.doctype.scheduled_job_type.scheduled_job_type.run_scheduled_jo..., kwargs={'job_type': 'frappe.email.queue.retry_sending_emails'}, method='frappe.core.doctype.scheduled_job_type.scheduled_job_type.run_scheduled_jo..., site='mysite.local', user='Administrator') (mysite.local::scheduled_job::frappe.email.queue.retry_sending_emails)
2025-09-13 15:46:35,789 home-TRI-Desktop-my-bench:default: Job OK (mysite.local::scheduled_job::frappe.email.queue.retry_sending_emails)
2025-09-13 15:46:35,790 Result is kept for 600 seconds
2025-09-13 15:46:35,794 home-TRI-Desktop-my-bench:default: frappe.utils.background_jobs.execute_job(event=None, is_async=True, job_name='frappe.core.doctype.scheduled_job_type.scheduled_job_type.run_scheduled_jo..., kwargs={'job_type': 'frappe.monitor.flush'}, method='frappe.core.doctype.scheduled_job_type.scheduled_job_type.run_scheduled_jo..., site='mysite.local', user='Administrator') (mysite.local::scheduled_job::frappe.monitor.flush)
2025-09-13 15:46:36,234 home-TRI-Desktop-my-bench:default: Job OK (mysite.local::scheduled_job::frappe.monitor.flush)
2025-09-13 15:46:36,234 Result is kept for 600 seconds
2025-09-13 15:46:36,240 home-TRI-Desktop-my-bench:default: frappe.utils.background_jobs.execute_job(event=None, is_async=True, job_name='frappe.core.doctype.scheduled_job_type.scheduled_job_type.run_scheduled_jo..., kwargs={'job_type': 'frappe.integrations.doctype.google_calendar.google_calendar.s..., method='frappe.core.doctype.scheduled_job_type.scheduled_job_type.run_scheduled_jo..., site='mysite.local', user='Administrator') (mysite.local::scheduled_job::frappe.integrations.doctype.google_calendar.google_calendar.sync)
2025-09-13 15:46:36,793 home-TRI-Desktop-my-bench:default: Job OK (mysite.local::scheduled_job::frappe.integrations.doctype.google_calendar.google_calendar.sync)
2025-09-13 15:46:36,793 Result is kept for 600 seconds
2025-09-13 15:46:36,798 home-TRI-Desktop-my-bench:default: frappe.utils.background_jobs.execute_job(event=None, is_async=True, job_name='frappe.core.doctype.scheduled_job_type.scheduled_job_type.run_scheduled_jo..., kwargs={'job_type': 'frappe.email.queue.flush'}, method='frappe.core.doctype.scheduled_job_type.scheduled_job_type.run_scheduled_jo..., site='mysite.local', user='Administrator') (mysite.local::scheduled_job::frappe.email.queue.flush)
2025-09-13 15:46:37,512 home-TRI-Desktop-my-bench:default: Job OK (mysite.local::scheduled_job::frappe.email.queue.flush)
2025-09-13 15:46:37,512 Result is kept for 600 seconds
